\BOOKMARK [1][-]{section.1}{CTOF Overview}{}% 1
\BOOKMARK [1][-]{section.2}{Information for Shift Workers}{}% 2
\BOOKMARK [2][-]{subsection.2.1}{Shift Worker Responsibilities}{section.2}% 3
\BOOKMARK [3][-]{subsubsection.2.1.1}{Updating the Logbook}{subsection.2.1}% 4
\BOOKMARK [3][-]{subsubsection.2.1.2}{Contacting CTOF System Personnel}{subsection.2.1}% 5
\BOOKMARK [3][-]{subsubsection.2.1.3}{Hall B Alarm Handler}{subsection.2.1}% 6
\BOOKMARK [2][-]{subsection.2.2}{High Voltage Controls}{section.2}% 7
\BOOKMARK [3][-]{subsubsection.2.2.1}{Resetting the IOCs}{subsection.2.2}% 8
\BOOKMARK [2][-]{subsection.2.3}{Low Voltage Controls for Shield Compensation Coils}{section.2}% 9
\BOOKMARK [2][-]{subsection.2.4}{Detector Monitoring}{section.2}% 10
\BOOKMARK [1][-]{section.3}{Information for Subsystem Experts}{}% 11
\BOOKMARK [2][-]{subsection.3.1}{Subsystem Expert Responsibilities}{section.3}% 12
\BOOKMARK [3][-]{subsubsection.3.1.1}{Hot Checkout}{subsection.3.1}% 13
\BOOKMARK [3][-]{subsubsection.3.1.2}{On-Call Responsibilities}{subsection.3.1}% 14
\BOOKMARK [3][-]{subsubsection.3.1.3}{HV Gain Calibrations}{subsection.3.1}% 15
\BOOKMARK [3][-]{subsubsection.3.1.4}{LMS Scans}{subsection.3.1}% 16
\BOOKMARK [3][-]{subsubsection.3.1.5}{Expert Monitoring Suite}{subsection.3.1}% 17
\BOOKMARK [2][-]{subsection.3.2}{System Failure Modes}{section.3}% 18
\BOOKMARK [3][-]{subsubsection.3.2.1}{Bad HV Board}{subsection.3.2}% 19
\BOOKMARK [3][-]{subsubsection.3.2.2}{Bad Mainframe}{subsection.3.2}% 20
\BOOKMARK [3][-]{subsubsection.3.2.3}{Sudden Gain Shift}{subsection.3.2}% 21
\BOOKMARK [3][-]{subsubsection.3.2.4}{High PMT Dark Current}{subsection.3.2}% 22
\BOOKMARK [3][-]{subsubsection.3.2.5}{Missing or Bad Signal}{subsection.3.2}% 23
\BOOKMARK [3][-]{subsubsection.3.2.6}{Bad PMT}{subsection.3.2}% 24
\BOOKMARK [3][-]{subsubsection.3.2.7}{Readout Electronics Issues}{subsection.3.2}% 25
\BOOKMARK [3][-]{subsubsection.3.2.8}{IOC Issues}{subsection.3.2}% 26
\BOOKMARK [2][-]{subsection.3.3}{HV System Operations}{section.3}% 27
\BOOKMARK [3][-]{subsubsection.3.3.1}{Setting HV Channel Parameters}{subsection.3.3}% 28
\BOOKMARK [3][-]{subsubsection.3.3.2}{HV Save and Restore}{subsection.3.3}% 29
\BOOKMARK [2][-]{subsection.3.4}{Cabling Details}{section.3}% 30
\BOOKMARK [3][-]{subsubsection.3.4.1}{Signal Cable Connections}{subsection.3.4}% 31
\BOOKMARK [3][-]{subsubsection.3.4.2}{HV Cable Layout}{subsection.3.4}% 32
\BOOKMARK [3][-]{subsubsection.3.4.3}{Altering Cable Maps}{subsection.3.4}% 33
\BOOKMARK [2][-]{subsection.3.5}{Detector Repairs and Servicing}{section.3}% 34
\BOOKMARK [1][-]{section.4}{Documentation}{}% 35
\BOOKMARK [1][-]{section.5}{CTOF Authorized Personnel}{}% 36
\BOOKMARK [1][-]{section.6}{Appendix: Hall B Instrumentation Database}{}% 37
